<?xml version="1.0" encoding="UTF-8"?>
<testsuite name="PollServiceTest" tests="1" skipped="0" failures="0" errors="0" timestamp="2021-09-26T09:23:02" hostname="mina-ZenBook-UX434FLC-UX434FLC" time="6.201">
  <properties/>
  <testcase name="pollServiceSendShutdownSignal()" classname="PollServiceTest" time="6.201"/>
  <system-out><![CDATA[12:52:54.785 [Test worker] DEBUG org.springframework.test.context.BootstrapUtils - Instantiating CacheAwareContextLoaderDelegate from class [org.springframework.test.context.cache.DefaultCacheAwareContextLoaderDelegate]
12:52:54.794 [Test worker] DEBUG org.springframework.test.context.BootstrapUtils - Instantiating BootstrapContext using constructor [public org.springframework.test.context.support.DefaultBootstrapContext(java.lang.Class,org.springframework.test.context.CacheAwareContextLoaderDelegate)]
12:52:54.833 [Test worker] DEBUG org.springframework.test.context.BootstrapUtils - Instantiating TestContextBootstrapper for test class [PollServiceTest] from class [org.springframework.boot.test.context.SpringBootTestContextBootstrapper]
12:52:54.852 [Test worker] DEBUG org.springframework.test.context.support.AbstractContextLoader - Did not detect default resource location for test class [PollServiceTest]: class path resource [PollServiceTest-context.xml] does not exist
12:52:54.853 [Test worker] DEBUG org.springframework.test.context.support.AbstractContextLoader - Did not detect default resource location for test class [PollServiceTest]: class path resource [PollServiceTestContext.groovy] does not exist
12:52:54.854 [Test worker] INFO org.springframework.test.context.support.AbstractContextLoader - Could not detect default resource locations for test class [PollServiceTest]: no resource found for suffixes {-context.xml, Context.groovy}.
12:52:54.929 [Test worker] DEBUG org.springframework.test.context.support.ActiveProfilesUtils - Could not find an 'annotation declaring class' for annotation type [org.springframework.test.context.ActiveProfiles] and class [PollServiceTest]
12:52:55.027 [Test worker] DEBUG org.springframework.boot.test.context.SpringBootTestContextBootstrapper - @TestExecutionListeners is not present for class [PollServiceTest]: using defaults.
12:52:55.028 [Test worker] INFO org.springframework.boot.test.context.SpringBootTestContextBootstrapper - Loaded default TestExecutionListener class names from location [META-INF/spring.factories]: [org.springframework.cloud.contract.stubrunner.provider.wiremock.StubRunnerWireMockTestExecutionListener, org.springframework.cloud.contract.wiremock.WireMockTestExecutionListener, org.springframework.boot.test.autoconfigure.restdocs.RestDocsTestExecutionListener, org.springframework.boot.test.autoconfigure.web.client.MockRestServiceServerResetTestExecutionListener, org.springframework.boot.test.autoconfigure.web.servlet.MockMvcPrintOnlyOnFailureTestExecutionListener, org.springframework.boot.test.autoconfigure.web.servlet.WebDriverTestExecutionListener, org.springframework.boot.test.autoconfigure.webservices.client.MockWebServiceServerTestExecutionListener, org.springframework.boot.test.mock.mockito.MockitoTestExecutionListener, org.springframework.boot.test.mock.mockito.ResetMocksTestExecutionListener, org.springframework.test.context.web.ServletTestExecutionListener, org.springframework.test.context.support.DirtiesContextBeforeModesTestExecutionListener, org.springframework.test.context.event.ApplicationEventsTestExecutionListener, org.springframework.test.context.support.DependencyInjectionTestExecutionListener, org.springframework.test.context.support.DirtiesContextTestExecutionListener, org.springframework.test.context.transaction.TransactionalTestExecutionListener, org.springframework.test.context.jdbc.SqlScriptsTestExecutionListener, org.springframework.test.context.event.EventPublishingTestExecutionListener]
12:52:55.057 [Test worker] INFO org.springframework.boot.test.context.SpringBootTestContextBootstrapper - Using TestExecutionListeners: [org.springframework.test.context.web.ServletTestExecutionListener@61bf0a32, org.springframework.test.context.support.DirtiesContextBeforeModesTestExecutionListener@12365bf5, org.springframework.test.context.event.ApplicationEventsTestExecutionListener@67d8e58a, org.springframework.boot.test.mock.mockito.MockitoTestExecutionListener@7d3251, org.springframework.boot.test.autoconfigure.SpringBootDependencyInjectionTestExecutionListener@198a56f6, org.springframework.test.context.support.DirtiesContextTestExecutionListener@39435fc1, org.springframework.test.context.transaction.TransactionalTestExecutionListener@199709d6, org.springframework.test.context.jdbc.SqlScriptsTestExecutionListener@70114f0f, org.springframework.test.context.event.EventPublishingTestExecutionListener@3be78a1d, org.springframework.boot.test.autoconfigure.restdocs.RestDocsTestExecutionListener@18f967f7, org.springframework.boot.test.autoconfigure.web.client.MockRestServiceServerResetTestExecutionListener@39011487, org.springframework.boot.test.autoconfigure.web.servlet.MockMvcPrintOnlyOnFailureTestExecutionListener@43125d9f, org.springframework.boot.test.autoconfigure.web.servlet.WebDriverTestExecutionListener@44a29082, org.springframework.boot.test.autoconfigure.webservices.client.MockWebServiceServerTestExecutionListener@1737913e, org.springframework.boot.test.mock.mockito.ResetMocksTestExecutionListener@26230a73, org.springframework.cloud.contract.stubrunner.provider.wiremock.StubRunnerWireMockTestExecutionListener@778c558d, org.springframework.cloud.contract.wiremock.WireMockTestExecutionListener@277afd7e]
12:52:55.060 [Test worker] DEBUG org.springframework.test.context.support.AbstractDirtiesContextTestExecutionListener - Before test class: context [DefaultTestContext@bfb0ebe testClass = PollServiceTest, testInstance = [null], testMethod = [null], testException = [null], mergedContextConfiguration = [WebMergedContextConfiguration@31eb0bae testClass = PollServiceTest, locations = '{}', classes = '{class se.kry.MainPoller}', contextInitializerClasses = '[]', activeProfiles = '{}', propertySourceLocations = '{}', propertySourceProperties = '{org.springframework.boot.test.context.SpringBootTestContextBootstrapper=true}', contextCustomizers = set[org.springframework.boot.test.autoconfigure.actuate.metrics.MetricsExportContextCustomizerFactory$DisableMetricExportContextCustomizer@2394867d, org.springframework.boot.test.autoconfigure.properties.PropertyMappingContextCustomizer@995d0c3, org.springframework.boot.test.autoconfigure.web.servlet.WebDriverContextCustomizerFactory$Customizer@609d5f78, [ImportsContextCustomizer@729954de key = [org.springframework.cloud.contract.wiremock.WireMockConfiguration, org.springframework.cloud.contract.wiremock.WireMockRestTemplateConfiguration, org.springframework.boot.test.autoconfigure.jdbc.TestDatabaseAutoConfiguration, org.springframework.boot.autoconfigure.jdbc.DataSourceAutoConfiguration, org.springframework.boot.test.autoconfigure.web.servlet.MockMvcAutoConfiguration, org.springframework.boot.test.autoconfigure.web.servlet.MockMvcWebClientAutoConfiguration, org.springframework.boot.test.autoconfigure.web.servlet.MockMvcWebDriverAutoConfiguration, org.springframework.boot.autoconfigure.security.oauth2.client.servlet.OAuth2ClientAutoConfiguration, org.springframework.boot.autoconfigure.security.oauth2.resource.servlet.OAuth2ResourceServerAutoConfiguration, org.springframework.boot.autoconfigure.security.servlet.SecurityAutoConfiguration, org.springframework.boot.autoconfigure.security.servlet.SecurityFilterAutoConfiguration, org.springframework.boot.autoconfigure.security.servlet.UserDetailsServiceAutoConfiguration, org.springframework.boot.test.autoconfigure.web.servlet.MockMvcSecurityConfiguration]], org.springframework.boot.test.context.filter.ExcludeFilterContextCustomizer@8277bec, org.springframework.boot.test.json.DuplicateJsonObjectContextCustomizerFactory$DuplicateJsonObjectContextCustomizer@7cecac2c, org.springframework.boot.test.mock.mockito.MockitoContextCustomizer@0, org.springframework.boot.test.web.client.TestRestTemplateContextCustomizer@7bb36b1d, org.springframework.boot.test.web.reactive.server.WebTestClientContextCustomizer@20dbe94e, org.springframework.boot.test.context.SpringBootTestArgs@1, org.springframework.boot.test.context.SpringBootTestWebEnvironment@4966435d], resourceBasePath = 'src/main/webapp', contextLoader = 'org.springframework.boot.test.context.SpringBootContextLoader', parent = [null]], attributes = map['org.springframework.test.context.web.ServletTestExecutionListener.activateListener' -> true]], class annotated with @DirtiesContext [false] with mode [null].
12:52:55.093 [Test worker] DEBUG org.springframework.test.context.support.TestPropertySourceUtils - Adding inlined properties to environment: {spring.jmx.enabled=false, org.springframework.boot.test.context.SpringBootTestContextBootstrapper=true}

  .   ____          _            __ _ _
 /\\ / ___'_ __ _ _(_)_ __  __ _ \ \ \ \
( ( )\___ | '_ | '_| | '_ \/ _` | \ \ \ \
 \\/  ___)| |_)| | | | | || (_| |  ) ) ) )
  '  |____| .__|_| |_|_| |_\__, | / / / /
 =========|_|==============|___/=/_/_/_/
 :: Spring Boot ::                (v2.5.4)

2021-09-26 12:52:55.362  INFO 89966 --- [    Test worker] PollServiceTest                          : Starting PollServiceTest using Java 11.0.12 on mina-ZenBook-UX434FLC-UX434FLC with PID 89966 (started by mina in /home/mina/IdeaProjects/mina-kry)
2021-09-26 12:52:55.366  INFO 89966 --- [    Test worker] PollServiceTest                          : No active profile set, falling back to default profiles: default
2021-09-26 12:52:56.484  INFO 89966 --- [    Test worker] .s.d.r.c.RepositoryConfigurationDelegate : Bootstrapping Spring Data JPA repositories in DEFAULT mode.
2021-09-26 12:52:56.627  INFO 89966 --- [    Test worker] .s.d.r.c.RepositoryConfigurationDelegate : Finished Spring Data repository scanning in 137 ms. Found 2 JPA repository interfaces.
2021-09-26 12:52:56.746  INFO 89966 --- [    Test worker] beddedDataSourceBeanFactoryPostProcessor : Replacing 'dataSource' DataSource bean with embedded version
2021-09-26 12:52:57.160  INFO 89966 --- [    Test worker] o.s.j.d.e.EmbeddedDatabaseFactory        : Starting embedded database: url='jdbc:h2:mem:7fc814eb-1031-4a43-8534-066d3d2ba680;DB_CLOSE_DELAY=-1;DB_CLOSE_ON_EXIT=false', username='sa'
2021-09-26 12:52:57.594  INFO 89966 --- [    Test worker] o.hibernate.jpa.internal.util.LogHelper  : HHH000204: Processing PersistenceUnitInfo [name: default]
2021-09-26 12:52:57.645  INFO 89966 --- [    Test worker] org.hibernate.Version                    : HHH000412: Hibernate ORM core version 5.4.32.Final
2021-09-26 12:52:57.825  INFO 89966 --- [    Test worker] o.hibernate.annotations.common.Version   : HCANN000001: Hibernate Commons Annotations {5.1.2.Final}
2021-09-26 12:52:57.980  INFO 89966 --- [    Test worker] org.hibernate.dialect.Dialect            : HHH000400: Using dialect: org.hibernate.dialect.H2Dialect
2021-09-26 12:52:58.784  INFO 89966 --- [    Test worker] o.h.e.t.j.p.i.JtaPlatformInitiator       : HHH000490: Using JtaPlatform implementation: [org.hibernate.engine.transaction.jta.platform.internal.NoJtaPlatform]
2021-09-26 12:52:58.795  INFO 89966 --- [    Test worker] j.LocalContainerEntityManagerFactoryBean : Initialized JPA EntityManagerFactory for persistence unit 'default'
2021-09-26 12:52:59.664  INFO 89966 --- [    Test worker] wiremock.org.eclipse.jetty.util.log      : Logging initialized @5785ms to wiremock.org.eclipse.jetty.util.log.Slf4jLog
2021-09-26 12:52:59.772  INFO 89966 --- [    Test worker] w.org.eclipse.jetty.server.Server        : jetty-9.4.20.v20190813; built: 2019-08-13T21:28:18.144Z; git: 84700530e645e812b336747464d6fbbf370c9a20; jvm 11.0.12+7
2021-09-26 12:52:59.784  INFO 89966 --- [    Test worker] w.o.e.j.server.handler.ContextHandler    : Started w.o.e.j.s.ServletContextHandler@6d7a5b8a{/__admin,null,AVAILABLE}
2021-09-26 12:52:59.786  INFO 89966 --- [    Test worker] w.o.e.j.server.handler.ContextHandler    : Started w.o.e.j.s.ServletContextHandler@da14a6{/,null,AVAILABLE}
2021-09-26 12:52:59.796  INFO 89966 --- [    Test worker] w.o.e.jetty.server.AbstractConnector     : Started NetworkTrafficServerConnector@679ea6f2{HTTP/1.1,[http/1.1]}{0.0.0.0:8080}
2021-09-26 12:52:59.797  INFO 89966 --- [    Test worker] w.org.eclipse.jetty.server.Server        : Started @5918ms
2021-09-26 12:53:00.224  WARN 89966 --- [    Test worker] JpaBaseConfiguration$JpaWebConfiguration : spring.jpa.open-in-view is enabled by default. Therefore, database queries may be performed during view rendering. Explicitly configure spring.jpa.open-in-view to disable this warning
2021-09-26 12:53:00.445  INFO 89966 --- [    Test worker] o.s.b.a.h2.H2ConsoleAutoConfiguration    : H2 console available at '/h2'. Database available at 'jdbc:h2:mem:7fc814eb-1031-4a43-8534-066d3d2ba680'
2021-09-26 12:53:02.138  INFO 89966 --- [    Test worker] o.s.b.t.m.w.SpringBootMockServletContext : Initializing Spring TestDispatcherServlet ''
2021-09-26 12:53:02.138  INFO 89966 --- [    Test worker] o.s.t.web.servlet.TestDispatcherServlet  : Initializing Servlet ''
2021-09-26 12:53:02.140  INFO 89966 --- [    Test worker] o.s.t.web.servlet.TestDispatcherServlet  : Completed initialization in 1 ms
2021-09-26 12:53:02.189  INFO 89966 --- [    Test worker] PollServiceTest                          : Started PollServiceTest in 7.089 seconds (JVM running for 8.31)
2021-09-26 12:53:07.150 ERROR 89966 --- [   scheduling-1] o.s.s.s.TaskUtils$LoggingErrorHandler    : Unexpected error occurred in scheduled task

java.lang.IllegalArgumentException: null
	at java.base/java.util.concurrent.ThreadPoolExecutor.<init>(ThreadPoolExecutor.java:1293) ~[na:na]
	at java.base/java.util.concurrent.ThreadPoolExecutor.<init>(ThreadPoolExecutor.java:1179) ~[na:na]
	at java.base/java.util.concurrent.Executors.newFixedThreadPool(Executors.java:92) ~[na:na]
	at se.kry.service.PollService.callService(PollService.java:58) ~[main/:na]
	at java.base/jdk.internal.reflect.NativeMethodAccessorImpl.invoke0(Native Method) ~[na:na]
	at java.base/jdk.internal.reflect.NativeMethodAccessorImpl.invoke(NativeMethodAccessorImpl.java:62) ~[na:na]
	at java.base/jdk.internal.reflect.DelegatingMethodAccessorImpl.invoke(DelegatingMethodAccessorImpl.java:43) ~[na:na]
	at java.base/java.lang.reflect.Method.invoke(Method.java:566) ~[na:na]
	at org.springframework.scheduling.support.ScheduledMethodRunnable.run(ScheduledMethodRunnable.java:84) ~[spring-context-5.3.9.jar:5.3.9]
	at org.springframework.scheduling.support.DelegatingErrorHandlingRunnable.run(DelegatingErrorHandlingRunnable.java:54) ~[spring-context-5.3.9.jar:5.3.9]
	at org.springframework.scheduling.concurrent.ReschedulingRunnable.run(ReschedulingRunnable.java:95) ~[spring-context-5.3.9.jar:5.3.9]
	at java.base/java.util.concurrent.Executors$RunnableAdapter.call(Executors.java:515) ~[na:na]
	at java.base/java.util.concurrent.FutureTask.run(FutureTask.java:264) ~[na:na]
	at java.base/java.util.concurrent.ScheduledThreadPoolExecutor$ScheduledFutureTask.run(ScheduledThreadPoolExecutor.java:304) ~[na:na]
	at java.base/java.util.concurrent.ThreadPoolExecutor.runWorker(ThreadPoolExecutor.java:1128) ~[na:na]
	at java.base/java.util.concurrent.ThreadPoolExecutor$Worker.run(ThreadPoolExecutor.java:628) ~[na:na]
	at java.base/java.lang.Thread.run(Thread.java:829) ~[na:na]

2021-09-26 12:53:08.333 ERROR 89966 --- [   scheduling-2] o.s.s.s.TaskUtils$LoggingErrorHandler    : Unexpected error occurred in scheduled task

java.lang.IllegalArgumentException: null
	at java.base/java.util.concurrent.ThreadPoolExecutor.<init>(ThreadPoolExecutor.java:1293) ~[na:na]
	at java.base/java.util.concurrent.ThreadPoolExecutor.<init>(ThreadPoolExecutor.java:1179) ~[na:na]
	at java.base/java.util.concurrent.Executors.newFixedThreadPool(Executors.java:92) ~[na:na]
	at se.kry.service.PollService.callService(PollService.java:58) ~[main/:na]
	at java.base/jdk.internal.reflect.NativeMethodAccessorImpl.invoke0(Native Method) ~[na:na]
	at java.base/jdk.internal.reflect.NativeMethodAccessorImpl.invoke(NativeMethodAccessorImpl.java:62) ~[na:na]
	at java.base/jdk.internal.reflect.DelegatingMethodAccessorImpl.invoke(DelegatingMethodAccessorImpl.java:43) ~[na:na]
	at java.base/java.lang.reflect.Method.invoke(Method.java:566) ~[na:na]
	at org.springframework.scheduling.support.ScheduledMethodRunnable.run(ScheduledMethodRunnable.java:84) ~[spring-context-5.3.9.jar:5.3.9]
	at org.springframework.scheduling.support.DelegatingErrorHandlingRunnable.run(DelegatingErrorHandlingRunnable.java:54) ~[spring-context-5.3.9.jar:5.3.9]
	at org.springframework.scheduling.concurrent.ReschedulingRunnable.run(ReschedulingRunnable.java:95) ~[spring-context-5.3.9.jar:5.3.9]
	at java.base/java.util.concurrent.Executors$RunnableAdapter.call(Executors.java:515) ~[na:na]
	at java.base/java.util.concurrent.FutureTask.run(FutureTask.java:264) ~[na:na]
	at java.base/java.util.concurrent.ScheduledThreadPoolExecutor$ScheduledFutureTask.run(ScheduledThreadPoolExecutor.java:304) ~[na:na]
	at java.base/java.util.concurrent.ThreadPoolExecutor.runWorker(ThreadPoolExecutor.java:1128) ~[na:na]
	at java.base/java.util.concurrent.ThreadPoolExecutor$Worker.run(ThreadPoolExecutor.java:628) ~[na:na]
	at java.base/java.lang.Thread.run(Thread.java:829) ~[na:na]

2021-09-26 12:53:08.428  WARN 89966 --- [    Test worker] o.s.c.c.w.WireMockTestExecutionListener  : You've used fixed ports for WireMock setup - will mark context as dirty. Please use random ports, as much as possible. Your tests will be faster and more reliable and this warning will go away
2021-09-26 12:53:08.434  INFO 89966 --- [    Test worker] w.o.e.jetty.server.AbstractConnector     : Stopped NetworkTrafficServerConnector@679ea6f2{HTTP/1.1,[http/1.1]}{0.0.0.0:8080}
2021-09-26 12:53:08.435  INFO 89966 --- [    Test worker] w.o.e.j.server.handler.ContextHandler    : Stopped w.o.e.j.s.ServletContextHandler@da14a6{/,null,UNAVAILABLE}
2021-09-26 12:53:08.436  INFO 89966 --- [    Test worker] w.o.e.j.server.handler.ContextHandler    : Stopped w.o.e.j.s.ServletContextHandler@6d7a5b8a{/__admin,null,UNAVAILABLE}
2021-09-26 12:53:08.453  INFO 89966 --- [    Test worker] j.LocalContainerEntityManagerFactoryBean : Closing JPA EntityManagerFactory for persistence unit 'default'
2021-09-26 12:53:08.455  INFO 89966 --- [    Test worker] .SchemaDropperImpl$DelayedDropActionImpl : HHH000477: Starting delayed evictData of schema as part of SessionFactory shut-down'
]]></system-out>
  <system-err><![CDATA[]]></system-err>
</testsuite>
